[2019-06-18T14:42:14.582] [ERROR] cheese - cheese is too ripe
[2019-06-18T14:42:14.584] [FATAL] cheese - cheese was breeding ground for listeria
[2019-06-18T14:44:23.721] [TRACE] cheese - entering cheese testing
[2019-06-18T14:44:23.722] [DEBUG] cheese - got cheese
[2019-06-18T14:44:23.723] [INFO] cheese - cheese is Gouda
[2019-06-18T14:44:23.723] [WARN] cheese - cheese is quite smelly
[2019-06-18T14:44:23.723] [ERROR] cheese - cheese is too ripe
[2019-06-18T14:44:23.723] [FATAL] cheese - cheese was breeding ground for listeria
[2019-06-18T15:00:03.723] [TRACE] cheese - entering cheese testing
[2019-06-18T15:00:03.724] [DEBUG] cheese - got cheese
[2019-06-18T15:00:03.724] [INFO] cheese - cheese is Gouda
[2019-06-18T15:00:03.724] [WARN] cheese - cheese is quite smelly
[2019-06-18T15:00:03.724] [ERROR] cheese - cheese is too ripe
[2019-06-18T15:00:03.724] [FATAL] cheese - cheese was breeding ground for listeria
[2019-06-18T15:00:07.536] [INFO] cheese - 响应时间为0.027s
[2019-06-18T15:52:52.568] [TRACE] cheese - entering cheese testing
[2019-06-18T15:52:52.570] [DEBUG] cheese - got cheese
[2019-06-18T15:52:52.570] [INFO] cheese - cheese is Gouda
[2019-06-18T15:52:52.570] [WARN] cheese - cheese is quite smelly
[2019-06-18T15:52:52.570] [ERROR] cheese - cheese is too ripe
[2019-06-18T15:52:52.570] [FATAL] cheese - cheese was breeding ground for listeria
[2019-06-18T15:53:04.911] [INFO] cheese - 响应时间为0.037s
[2019-06-18T15:53:07.211] [INFO] cheese - 响应时间为0.002s
[2019-06-18T15:53:35.783] [INFO] cheese - 响应时间为0.003s
[2019-06-18T16:47:16.630] [TRACE] cheese - entering cheese testing
[2019-06-18T16:47:16.631] [DEBUG] cheese - got cheese
[2019-06-18T16:47:16.631] [INFO] cheese - cheese is Gouda
[2019-06-18T16:47:16.631] [WARN] cheese - cheese is quite smelly
[2019-06-18T16:47:16.631] [ERROR] cheese - cheese is too ripe
[2019-06-18T16:47:16.631] [FATAL] cheese - cheese was breeding ground for listeria
[2019-06-20T17:25:06.337] [TRACE] cheese - entering cheese testing
[2019-06-20T17:25:06.338] [DEBUG] cheese - got cheese
[2019-06-20T17:25:06.338] [INFO] cheese - cheese is Gouda
[2019-06-20T17:25:06.338] [WARN] cheese - cheese is quite smelly
[2019-06-20T17:25:06.338] [ERROR] cheese - cheese is too ripe
[2019-06-20T17:25:06.339] [FATAL] cheese - cheese was breeding ground for listeria
[2019-06-20T17:26:02.306] [TRACE] cheese - entering cheese testing
[2019-06-20T17:26:02.309] [DEBUG] cheese - got cheese
[2019-06-20T17:26:02.309] [INFO] cheese - cheese is Gouda
[2019-06-20T17:26:02.309] [WARN] cheese - cheese is quite smelly
[2019-06-20T17:26:02.309] [ERROR] cheese - cheese is too ripe
[2019-06-20T17:26:02.309] [FATAL] cheese - cheese was breeding ground for listeria
[2019-06-20T17:28:34.608] [TRACE] cheese - entering cheese testing
[2019-06-20T17:28:34.609] [DEBUG] cheese - got cheese
[2019-06-20T17:28:34.610] [INFO] cheese - cheese is Gouda
[2019-06-20T17:28:34.610] [WARN] cheese - cheese is quite smelly
[2019-06-20T17:28:34.610] [ERROR] cheese - cheese is too ripe
[2019-06-20T17:28:34.610] [FATAL] cheese - cheese was breeding ground for listeria
[2019-06-20T17:29:16.749] [TRACE] cheese - entering cheese testing
[2019-06-20T17:29:16.750] [DEBUG] cheese - got cheese
[2019-06-20T17:29:16.750] [INFO] cheese - cheese is Gouda
[2019-06-20T17:29:16.750] [WARN] cheese - cheese is quite smelly
[2019-06-20T17:29:16.750] [ERROR] cheese - cheese is too ripe
[2019-06-20T17:29:16.750] [FATAL] cheese - cheese was breeding ground for listeria
[2019-06-20T17:29:38.313] [TRACE] cheese - entering cheese testing
[2019-06-20T17:29:38.314] [DEBUG] cheese - got cheese
[2019-06-20T17:29:38.315] [INFO] cheese - cheese is Gouda
[2019-06-20T17:29:38.315] [WARN] cheese - cheese is quite smelly
[2019-06-20T17:29:38.315] [ERROR] cheese - cheese is too ripe
[2019-06-20T17:29:38.315] [FATAL] cheese - cheese was breeding ground for listeria
[2019-06-20T17:30:52.691] [TRACE] cheese - entering cheese testing
[2019-06-20T17:30:52.692] [DEBUG] cheese - got cheese
[2019-06-20T17:30:52.692] [INFO] cheese - cheese is Gouda
[2019-06-20T17:30:52.692] [WARN] cheese - cheese is quite smelly
[2019-06-20T17:30:52.692] [ERROR] cheese - cheese is too ripe
[2019-06-20T17:30:52.692] [FATAL] cheese - cheese was breeding ground for listeria
[2019-06-20T17:31:35.727] [TRACE] cheese - entering cheese testing
[2019-06-20T17:31:35.728] [DEBUG] cheese - got cheese
[2019-06-20T17:31:35.728] [INFO] cheese - cheese is Gouda
[2019-06-20T17:31:35.728] [WARN] cheese - cheese is quite smelly
[2019-06-20T17:31:35.728] [ERROR] cheese - cheese is too ripe
[2019-06-20T17:31:35.728] [FATAL] cheese - cheese was breeding ground for listeria
[2019-06-20T17:34:36.517] [TRACE] cheese - entering cheese testing
[2019-06-20T17:34:36.518] [DEBUG] cheese - got cheese
[2019-06-20T17:34:36.518] [INFO] cheese - cheese is Gouda
[2019-06-20T17:34:36.518] [WARN] cheese - cheese is quite smelly
[2019-06-20T17:34:36.518] [ERROR] cheese - cheese is too ripe
[2019-06-20T17:34:36.518] [FATAL] cheese - cheese was breeding ground for listeria
[2019-06-20T17:34:57.719] [TRACE] cheese - entering cheese testing
[2019-06-20T17:34:57.720] [DEBUG] cheese - got cheese
[2019-06-20T17:34:57.720] [INFO] cheese - cheese is Gouda
[2019-06-20T17:34:57.720] [WARN] cheese - cheese is quite smelly
[2019-06-20T17:34:57.720] [ERROR] cheese - cheese is too ripe
[2019-06-20T17:34:57.720] [FATAL] cheese - cheese was breeding ground for listeria
[2019-06-20T17:35:39.369] [TRACE] cheese - entering cheese testing
[2019-06-20T17:35:39.371] [DEBUG] cheese - got cheese
[2019-06-20T17:35:39.371] [INFO] cheese - cheese is Gouda
[2019-06-20T17:35:39.371] [WARN] cheese - cheese is quite smelly
[2019-06-20T17:35:39.371] [ERROR] cheese - cheese is too ripe
[2019-06-20T17:35:39.371] [FATAL] cheese - cheese was breeding ground for listeria
[2019-06-20T17:49:27.393] [TRACE] cheese - entering cheese testing
[2019-06-20T17:49:27.395] [DEBUG] cheese - got cheese
[2019-06-20T17:49:27.395] [INFO] cheese - cheese is Gouda
[2019-06-20T17:49:27.395] [WARN] cheese - cheese is quite smelly
[2019-06-20T17:49:27.395] [ERROR] cheese - cheese is too ripe
[2019-06-20T17:49:27.395] [FATAL] cheese - cheese was breeding ground for listeria
[2019-06-20T17:54:50.962] [TRACE] cheese - entering cheese testing
[2019-06-20T17:54:50.966] [DEBUG] cheese - got cheese
[2019-06-20T17:54:50.966] [INFO] cheese - cheese is Gouda
[2019-06-20T17:54:50.967] [WARN] cheese - cheese is quite smelly
[2019-06-20T17:54:50.967] [ERROR] cheese - cheese is too ripe
[2019-06-20T17:54:50.967] [FATAL] cheese - cheese was breeding ground for listeria
[2019-06-20T17:57:39.944] [TRACE] cheese - entering cheese testing
[2019-06-20T17:57:39.945] [DEBUG] cheese - got cheese
[2019-06-20T17:57:39.945] [INFO] cheese - cheese is Gouda
[2019-06-20T17:57:39.946] [WARN] cheese - cheese is quite smelly
[2019-06-20T17:57:39.946] [ERROR] cheese - cheese is too ripe
[2019-06-20T17:57:39.946] [FATAL] cheese - cheese was breeding ground for listeria
[2019-06-20T17:58:28.606] [TRACE] cheese - entering cheese testing
[2019-06-20T17:58:28.608] [DEBUG] cheese - got cheese
[2019-06-20T17:58:28.608] [INFO] cheese - cheese is Gouda
[2019-06-20T17:58:28.608] [WARN] cheese - cheese is quite smelly
[2019-06-20T17:58:28.608] [ERROR] cheese - cheese is too ripe
[2019-06-20T17:58:28.609] [FATAL] cheese - cheese was breeding ground for listeria
[2019-06-20T17:59:15.329] [TRACE] cheese - entering cheese testing
[2019-06-20T17:59:15.330] [DEBUG] cheese - got cheese
[2019-06-20T17:59:15.330] [INFO] cheese - cheese is Gouda
[2019-06-20T17:59:15.331] [WARN] cheese - cheese is quite smelly
[2019-06-20T17:59:15.331] [ERROR] cheese - cheese is too ripe
[2019-06-20T17:59:15.331] [FATAL] cheese - cheese was breeding ground for listeria
